<?xml version="1.0" encoding="UTF-8"?>
<!-- Generated by org.testng.reporters.JUnitXMLReporter -->
<testsuite hostname="DESKTOP-GAOM8LM" ignored="0" name="Test" tests="1" failures="1" timestamp="23 Sep 2020 08:02:32 GMT" time="2.467" errors="0">
  <testcase name="feature" time="1.622" classname="cucumber.api.testng.AbstractTestNGCucumberTests">
    <failure type="cucumber.runtime.CucumberException" message="java.lang.NullPointerException">
      <![CDATA[cucumber.runtime.CucumberException: java.lang.NullPointerException
	at cucumber.api.testng.TestNGCucumberRunner.runCucumber(TestNGCucumberRunner.java:69)
	at cucumber.api.testng.AbstractTestNGCucumberTests.feature(AbstractTestNGCucumberTests.java:21)
Caused by: java.lang.NullPointerException
	at com.codoid.products.fillo.Connection.executeQuery(Connection.java:61)
	at com.webapp.utility.ExcelHandler.getTestDataInMap(ExcelHandler.java:32)
	at com.webapp.steps.ReadExcelStep.i_want_to_read_mentioned_testdata_from_the_TestCase_(ReadExcelStep.java:16)
	at ✽.Given I want to read mentioned testdata from the TestCase_001(readexcel.feature:5)
... Removed 25 stack frames]]>
    </failure>
  </testcase> <!-- feature -->
</testsuite> <!-- Test -->
